* Starting client
* Connecting to master process on port 6329
* Analyzing classpath: 
  - D:\myProjects\courseProgram\commons-collections4-4.3-src\target\test-classes
  - D:\myProjects\courseProgram\commons-collections4-4.3-src\target\classes
  - D:\maven\LocalWare\org\easymock\easymock\4.0.2\easymock-4.0.2.jar
  - D:\maven\LocalWare\org\apache\commons\commons-lang3\3.8.1\commons-lang3-3.8.1.jar
  - D:\maven\LocalWare\org\hamcrest\hamcrest-core\1.3\hamcrest-core-1.3.jar
  - D:\maven\LocalWare\org\objenesis\objenesis\3.0.1\objenesis-3.0.1.jar
  - D:\maven\LocalWare\junit\junit\4.12\junit-4.12.jar
* Finished analyzing classpath
* Generating tests for class org.apache.commons.collections4.multiset.AbstractMapMultiSet
* Test criteria:
  - Line Coverage
  - Branch Coverage
  - Exception
  - Mutation testing (weak)
  - Method-Output Coverage
  - Top-Level Method Coverage
  - No-Exception Top-Level Method Coverage
  - Context Branch Coverage
* Setting up search algorithm for whole suite generation
[MASTER] 11:09:22.639 [pool-2-thread-1] WARN  TestSuiteSerialization - Cannot load tests because file does not exist: D:\myProjects\courseProgram\commons-collections4-4.3-src\.evosuite\evosuite-seeds\org.apache.commons.collections4.multiset.AbstractMapMultiSet.seed
* Loaded 0 tests from D:\myProjects\courseProgram\commons-collections4-4.3-src\.evosuite\evosuite-seeds\org.apache.commons.collections4.multiset.AbstractMapMultiSet.seed
* Total number of test goals: 
  - Line 175
  - Branch 95
  - Exception 0
  - MutationFactory 388
  - Output 39
  - Method 34
  - MethodNoException 34
  - CBranchFitnessFactory 95
* Using seed 1556334558198
* Starting evolution
[MASTER] 11:10:35.803 [pool-2-thread-1] WARN  TestChromosome - Functional mock problem: org.evosuite.ga.ConstructionFailedException: Failed to add constructor for java.util.AbstractMap$SimpleImmutableEntry due to org.evosuite.ga.ConstructionFailedException: Failed to add constructor for java.util.AbstractMap$SimpleEntry due to org.evosuite.ga.ConstructionFailedException: Failed to add constructor for java.util.AbstractMap$SimpleEntry due to org.evosuite.ga.ConstructionFailedException: Failed to add constructor for org.apache.commons.collections4.multiset.AbstractMapMultiSet$MultiSetEntry due to org.evosuite.ga.ConstructionFailedException: Error: VariableReference: Statement 3, type java.util.Map<java.io.InputStream, org.apache.commons.collections4.multiset.AbstractMapMultiSet<java.lang.Object>.MutableInteger>.Entry<java.io.InputStream, org.apache.commons.collections4.multiset.AbstractMapMultiSet<java.io.BufferedInputStream>.MutableInteger> is not assignable to java.util.Map.Entry<java.io.InputStream, org.apache.commons.collections4.multiset.AbstractMapMultiSet$MutableInteger>
[MASTER] 11:10:38.542 [pool-2-thread-1] WARN  TestChromosome - Functional mock problem: org.evosuite.ga.ConstructionFailedException: Failed to add constructor for java.util.AbstractMap$SimpleImmutableEntry due to org.evosuite.ga.ConstructionFailedException: Error: VariableReference: Statement 5, type java.util.AbstractMap<org.apache.commons.collections4.multiset.HashMultiSet<java.lang.Object>, org.apache.commons.collections4.multiset.SynchronizedMultiSet<java.io.BufferedInputStream>>.SimpleImmutableEntry<java.util.Map<org.apache.commons.collections4.Transformer<java.lang.Object, java.io.BufferedInputStream>, org.apache.commons.collections4.Predicate<java.lang.Object>>.Entry<java.util.AbstractMap<java.io.BufferedInputStream, java.io.BufferedInputStream>.SimpleImmutableEntry<java.lang.Object, java.io.InputStream>, org.apache.commons.collections4.multiset.AbstractMapMultiSet<E>.MutableInteger>, org.apache.commons.collections4.multiset.AbstractMapMultiSet<java.lang.Object>.MutableInteger> is not assignable to java.util.Map.Entry<? extends java.util.Map<org.apache.commons.collections4.Transformer<java.lang.Object, java.io.BufferedInputStream>, org.apache.commons.collections4.Predicate<java.lang.Object>>.Entry<java.util.AbstractMap<java.io.BufferedInputStream, java.io.BufferedInputStream>.SimpleImmutableEntry<java.lang.Object, java.io.InputStream>, org.apache.commons.collections4.multiset.AbstractMapMultiSet<E>.MutableInteger>, ? extends org.apache.commons.collections4.multiset.AbstractMapMultiSet<org.apache.commons.collections4.multiset.HashMultiSet<E>>.MutableInteger>
[MASTER] 11:10:38.695 [pool-2-thread-1] WARN  TestChromosome - Functional mock problem: org.evosuite.ga.ConstructionFailedException: Failed to add constructor for java.util.AbstractMap$SimpleEntry due to org.evosuite.ga.ConstructionFailedException: Error: VariableReference: Statement 5, type org.apache.commons.collections4.multiset.AbstractMapMultiSet<org.apache.commons.collections4.multiset.AbstractMapMultiSet<org.apache.commons.collections4.multiset.AbstractMapMultiSet<E>.MultiSetEntry<E>>.MultiSetEntry<org.apache.commons.collections4.multiset.AbstractMapMultiSet<java.io.BufferedInputStream>.MultiSetEntry<java.lang.Boolean>>>.MutableInteger is not assignable to org.apache.commons.collections4.multiset.AbstractMapMultiSet<org.apache.commons.collections4.multiset.AbstractMapMultiSet<E>.MultiSetEntry<E>>.MutableInteger
[MASTER] 11:10:40.375 [pool-2-thread-1] WARN  TestChromosome - Functional mock problem: org.evosuite.ga.ConstructionFailedException: Error: VariableReference: Statement 5, type java.util.AbstractMap<org.apache.commons.collections4.multiset.AbstractMapMultiSet<java.lang.Boolean>.MutableInteger, org.apache.commons.collections4.multiset.PredicatedMultiSet<java.lang.Integer>>.SimpleImmutableEntry<java.lang.Integer, org.apache.commons.collections4.multiset.AbstractMapMultiSet<java.lang.String>.MutableInteger> is not assignable to java.util.Map.Entry<java.lang.Integer, org.apache.commons.collections4.multiset.AbstractMapMultiSet$MutableInteger>
[MASTER] 11:10:42.941 [pool-2-thread-1] WARN  TestChromosome - Functional mock problem: org.evosuite.ga.ConstructionFailedException: Failed to add constructor for java.util.AbstractMap$SimpleEntry due to org.evosuite.ga.ConstructionFailedException: Error: VariableReference: Statement 5, type org.apache.commons.collections4.multiset.AbstractMapMultiSet<org.apache.commons.collections4.Predicate<java.lang.Object>>.MutableInteger is not assignable to org.apache.commons.collections4.multiset.AbstractMapMultiSet<org.apache.commons.collections4.Predicate<T>>.MutableInteger
[MASTER] 11:10:43.354 [pool-2-thread-1] WARN  TestChromosome - Functional mock problem: org.evosuite.ga.ConstructionFailedException: Failed to add constructor for java.util.AbstractMap$SimpleImmutableEntry due to org.evosuite.ga.ConstructionFailedException: Error: VariableReference: Statement 2, type java.util.Map<java.io.BufferedInputStream, java.io.BufferedInputStream>.Entry<java.lang.Integer, org.apache.commons.collections4.multiset.AbstractMapMultiSet<java.util.Locale>.MutableInteger> is not assignable to java.util.Map.Entry<? extends java.lang.Integer, ? extends org.apache.commons.collections4.multiset.AbstractMapMultiSet<org.apache.commons.collections4.multiset.AbstractMapMultiSet<java.util.Locale>.MutableInteger>.MutableInteger>
[MASTER] 11:10:45.976 [pool-2-thread-1] WARN  TestChromosome - Functional mock problem: org.evosuite.ga.ConstructionFailedException: Error: VariableReference: Statement 7, type java.util.Map<java.util.Locale, org.apache.commons.collections4.multiset.UnmodifiableMultiSet<java.lang.String>>.Entry<org.apache.commons.collections4.multiset.PredicatedMultiSet<java.lang.Object>, org.apache.commons.collections4.multiset.AbstractMapMultiSet<java.io.BufferedInputStream>.MutableInteger> is not assignable to java.util.Map.Entry<org.apache.commons.collections4.multiset.PredicatedMultiSet<java.lang.Object>, org.apache.commons.collections4.multiset.AbstractMapMultiSet$MutableInteger>
[MASTER] 11:10:47.098 [pool-2-thread-1] WARN  TestChromosome - Functional mock problem: org.evosuite.ga.ConstructionFailedException: Failed to add constructor for java.util.AbstractMap$SimpleImmutableEntry due to org.evosuite.ga.ConstructionFailedException: Error: VariableReference: Statement 5, type org.apache.commons.collections4.multiset.AbstractMapMultiSet<java.util.AbstractMap<java.lang.Boolean, java.util.AbstractMap<java.lang.Object, java.util.AbstractMap<K, V>.SimpleEntry<K, V>>.SimpleEntry<org.apache.commons.collections4.multiset.AbstractMapMultiSet<E>.MultiSetEntry<E>, java.lang.Integer>>.SimpleEntry<org.apache.commons.collections4.multiset.AbstractMapMultiSet<java.util.AbstractMap<java.lang.Boolean, java.util.AbstractMap<K, V>.SimpleEntry<K, V>>.SimpleEntry<org.apache.commons.collections4.multiset.AbstractMapMultiSet<E>.MultiSetEntry<E>, java.lang.Integer>>.MultiSetEntry<java.lang.Object>, java.lang.Integer>>.MutableInteger is not assignable to org.apache.commons.collections4.multiset.AbstractMapMultiSet<java.util.AbstractMap<K, V>.SimpleEntry<K, V>>.MutableInteger
[MASTER] 11:10:57.978 [pool-2-thread-1] WARN  TestChromosome - Functional mock problem: org.evosuite.ga.ConstructionFailedException: Failed to add constructor for java.util.AbstractMap$SimpleImmutableEntry due to org.evosuite.ga.ConstructionFailedException: Error: VariableReference: Statement 12, type org.apache.commons.collections4.multiset.AbstractMapMultiSet<java.util.Map<org.apache.commons.collections4.Transformer<java.lang.Object, java.lang.Object>, org.apache.commons.collections4.multiset.AbstractMapMultiSet<java.lang.String>.MultiSetEntry<java.lang.Integer>>.Entry<org.apache.commons.collections4.multiset.HashMultiSet<java.lang.Object>, java.util.Locale>>.MutableInteger is not assignable to org.apache.commons.collections4.multiset.AbstractMapMultiSet<java.util.Map<K, V>.Entry<K, V>>.MutableInteger
[MASTER] 11:10:59.001 [pool-2-thread-1] WARN  TestChromosome - Functional mock problem: org.evosuite.ga.ConstructionFailedException: Failed to add constructor for java.util.AbstractMap$SimpleEntry due to org.evosuite.ga.ConstructionFailedException: Failed to add constructor for org.apache.commons.collections4.multiset.PredicatedMultiSet due to org.evosuite.ga.ConstructionFailedException: Failed to add constructor for org.apache.commons.collections4.multiset.PredicatedMultiSet due to org.evosuite.ga.ConstructionFailedException: Failed to add constructor for org.apache.commons.collections4.multiset.PredicatedMultiSet due to org.evosuite.ga.ConstructionFailedException: Max recursion depth reached
[MASTER] 11:11:00.241 [pool-2-thread-1] WARN  TestChromosome - Functional mock problem: org.evosuite.ga.ConstructionFailedException: Error: VariableReference: Statement 2, type java.util.Map<org.apache.commons.collections4.multiset.UnmodifiableMultiSet<java.lang.Integer>, java.io.InputStream>.Entry<java.lang.Integer, org.apache.commons.collections4.multiset.AbstractMapMultiSet<java.io.InputStream>.MutableInteger> is not assignable to java.util.Map.Entry<java.lang.Integer, org.apache.commons.collections4.multiset.AbstractMapMultiSet$MutableInteger>
[MASTER] 11:11:07.768 [pool-2-thread-1] WARN  TestChromosome - Functional mock problem: org.evosuite.ga.ConstructionFailedException: Failed to add constructor for java.util.AbstractMap$SimpleImmutableEntry due to org.evosuite.ga.ConstructionFailedException: Failed to add constructor for java.util.AbstractMap$SimpleImmutableEntry due to org.evosuite.ga.ConstructionFailedException: Failed to add constructor for org.apache.commons.collections4.multiset.PredicatedMultiSet due to org.evosuite.ga.ConstructionFailedException: Max recursion depth reached
[MASTER] 11:11:10.070 [pool-2-thread-1] WARN  TestChromosome - Functional mock problem: org.evosuite.ga.ConstructionFailedException: Error: VariableReference: Statement 6, type java.util.AbstractMap<org.apache.commons.collections4.multiset.UnmodifiableMultiSet<java.io.InputStream>, java.io.InputStream>.SimpleImmutableEntry<java.lang.Integer, org.apache.commons.collections4.multiset.AbstractMapMultiSet<java.lang.Object>.MutableInteger> is not assignable to java.util.Map.Entry<java.lang.Integer, org.apache.commons.collections4.multiset.AbstractMapMultiSet$MutableInteger>
[MASTER] 11:11:10.472 [pool-2-thread-1] WARN  TestChromosome - Functional mock problem: org.evosuite.ga.ConstructionFailedException: Error: VariableReference: Statement 5, type java.util.AbstractMap<org.apache.commons.collections4.Predicate<java.io.InputStream>, java.util.AbstractMap<java.lang.Object, java.lang.String>.SimpleEntry<java.io.BufferedInputStream, java.lang.Object>>.SimpleImmutableEntry<java.lang.Integer, org.apache.commons.collections4.multiset.AbstractMapMultiSet<java.lang.Integer>.MutableInteger> is not assignable to java.util.Map.Entry<java.lang.Integer, org.apache.commons.collections4.multiset.AbstractMapMultiSet$MutableInteger>
[MASTER] 11:11:10.870 [pool-2-thread-1] WARN  TestChromosome - Functional mock problem: org.evosuite.ga.ConstructionFailedException: Failed to add constructor for java.util.AbstractMap$SimpleImmutableEntry due to org.evosuite.ga.ConstructionFailedException: Error: VariableReference: Statement 2, type java.util.Map<java.lang.Boolean, java.util.Map<java.util.Locale, java.io.InputStream>.Entry<java.io.InputStream, java.io.InputStream>>.Entry<java.lang.Integer, org.apache.commons.collections4.multiset.AbstractMapMultiSet<java.lang.Object>.MutableInteger> is not assignable to java.util.Map.Entry<? extends java.lang.Integer, ? extends org.apache.commons.collections4.multiset.AbstractMapMultiSet<org.apache.commons.collections4.Predicate<T>>.MutableInteger>
[MASTER] 11:11:11.016 [pool-2-thread-1] WARN  TestChromosome - Functional mock problem: org.evosuite.ga.ConstructionFailedException: Failed to add constructor for java.util.AbstractMap$SimpleEntry due to org.evosuite.ga.ConstructionFailedException: Error: VariableReference: Statement 6, type java.util.AbstractMap<java.lang.String, org.apache.commons.collections4.Predicate<java.io.BufferedInputStream>>.SimpleImmutableEntry<java.lang.Integer, org.apache.commons.collections4.multiset.AbstractMapMultiSet<java.lang.String>.MutableInteger> is not assignable to java.util.Map.Entry<? extends java.lang.Integer, ? extends org.apache.commons.collections4.multiset.AbstractMapMultiSet<java.io.InputStream>.MutableInteger>
[MASTER] 11:11:11.400 [pool-2-thread-1] WARN  TestChromosome - Functional mock problem: org.evosuite.ga.ConstructionFailedException: Failed to add constructor for java.util.AbstractMap$SimpleImmutableEntry due to org.evosuite.ga.ConstructionFailedException: Failed to add constructor for java.util.AbstractMap$SimpleEntry due to org.evosuite.ga.ConstructionFailedException: Failed to add constructor for org.apache.commons.collections4.multiset.PredicatedMultiSet due to org.evosuite.ga.ConstructionFailedException: Failed to add constructor for org.apache.commons.collections4.multiset.SynchronizedMultiSet due to org.evosuite.ga.ConstructionFailedException: Max recursion depth reached
[MASTER] 11:11:11.663 [pool-2-thread-1] WARN  TestChromosome - Functional mock problem: org.evosuite.ga.ConstructionFailedException: Failed to add constructor for java.util.AbstractMap$SimpleEntry due to org.evosuite.ga.ConstructionFailedException: Error: VariableReference: Statement 7, type java.util.Map<org.apache.commons.collections4.multiset.PredicatedMultiSet<java.util.Locale>, org.apache.commons.collections4.multiset.PredicatedMultiSet<java.io.InputStream>>.Entry<org.apache.commons.collections4.multiset.PredicatedMultiSet<java.lang.String>, org.apache.commons.collections4.multiset.AbstractMapMultiSet<java.lang.Integer>.MutableInteger> is not assignable to java.util.Map.Entry<? extends org.apache.commons.collections4.multiset.PredicatedMultiSet<java.lang.Object>, ? extends org.apache.commons.collections4.multiset.AbstractMapMultiSet<org.apache.commons.collections4.multiset.HashMultiSet<E>>.MutableInteger>
[MASTER] 11:11:12.360 [pool-2-thread-1] WARN  TestChromosome - Functional mock problem: org.evosuite.ga.ConstructionFailedException: Failed to add constructor for java.util.AbstractMap$SimpleEntry due to org.evosuite.ga.ConstructionFailedException: Error: VariableReference: Statement 4, type org.apache.commons.collections4.multiset.AbstractMapMultiSet<java.util.AbstractMap<java.lang.String, org.apache.commons.collections4.multiset.HashMultiSet<java.lang.Object>>.SimpleImmutableEntry<java.util.AbstractMap<java.io.InputStream, java.util.Locale>.SimpleEntry<java.lang.String, java.lang.Object>, org.apache.commons.collections4.multiset.UnmodifiableMultiSet<java.lang.String>>>.MutableInteger is not assignable to org.apache.commons.collections4.multiset.AbstractMapMultiSet<java.util.AbstractMap<K, V>.SimpleImmutableEntry<K, V>>.MutableInteger
[MASTER] 11:11:15.482 [pool-2-thread-1] WARN  TestChromosome - Functional mock problem: org.evosuite.ga.ConstructionFailedException: Error: VariableReference: Statement 8, type java.util.AbstractMap<org.apache.commons.collections4.multiset.PredicatedMultiSet<java.lang.Integer>, org.apache.commons.collections4.multiset.PredicatedMultiSet<java.lang.Boolean>>.SimpleImmutableEntry<java.lang.Object, org.apache.commons.collections4.multiset.AbstractMapMultiSet<org.apache.commons.collections4.multiset.AbstractMapMultiSet<java.lang.Object>.MutableInteger>.MutableInteger> is not assignable to java.util.Map.Entry<java.lang.Object, org.apache.commons.collections4.multiset.AbstractMapMultiSet$MutableInteger>
[MASTER] 11:11:15.844 [pool-2-thread-1] WARN  TestChromosome - Functional mock problem: org.evosuite.ga.ConstructionFailedException: Failed to add constructor for java.util.AbstractMap$SimpleImmutableEntry due to org.evosuite.ga.ConstructionFailedException: Error: VariableReference: Statement 10, type java.util.AbstractMap<org.apache.commons.collections4.multiset.HashMultiSet<java.lang.Integer>, java.lang.Boolean>.SimpleImmutableEntry<org.apache.commons.collections4.multiset.PredicatedMultiSet<java.lang.String>, org.apache.commons.collections4.multiset.AbstractMapMultiSet<java.util.Map<org.apache.commons.collections4.Transformer<java.lang.Object, java.io.BufferedInputStream>, org.apache.commons.collections4.Predicate<java.lang.Object>>.Entry<java.util.AbstractMap<java.io.BufferedInputStream, java.io.BufferedInputStream>.SimpleImmutableEntry<java.lang.Object, java.io.InputStream>, org.apache.commons.collections4.multiset.AbstractMapMultiSet<E>.MutableInteger>>.MutableInteger> is not assignable to java.util.Map.Entry<? extends org.apache.commons.collections4.multiset.PredicatedMultiSet<java.lang.Object>, ? extends org.apache.commons.collections4.multiset.AbstractMapMultiSet<java.util.Locale>.MutableInteger>
[MASTER] 11:11:16.614 [pool-2-thread-1] WARN  TestChromosome - Functional mock problem: org.evosuite.ga.ConstructionFailedException: Failed to add constructor for java.util.AbstractMap$SimpleEntry due to org.evosuite.ga.ConstructionFailedException: Failed to add constructor for java.util.AbstractMap$SimpleImmutableEntry due to org.evosuite.ga.ConstructionFailedException: Failed to add constructor for org.apache.commons.collections4.multiset.PredicatedMultiSet due to org.evosuite.ga.ConstructionFailedException: Failed to add constructor for org.apache.commons.collections4.multiset.SynchronizedMultiSet due to org.evosuite.ga.ConstructionFailedException: Max recursion depth reached
[MASTER] 11:11:16.812 [pool-2-thread-1] WARN  TestChromosome - Functional mock problem: org.evosuite.ga.ConstructionFailedException: Failed to add constructor for java.util.AbstractMap$SimpleEntry due to org.evosuite.ga.ConstructionFailedException: Failed to add constructor for java.util.AbstractMap$SimpleImmutableEntry due to org.evosuite.ga.ConstructionFailedException: Failed to add constructor for java.util.AbstractMap$SimpleEntry due to org.evosuite.ga.ConstructionFailedException: Failed to add constructor for org.apache.commons.collections4.multiset.PredicatedMultiSet due to org.evosuite.ga.ConstructionFailedException: Failed to add constructor for org.apache.commons.collections4.multiset.SynchronizedMultiSet due to org.evosuite.ga.ConstructionFailedException: Max recursion depth reached
[MASTER] 11:11:17.292 [pool-2-thread-1] WARN  TestChromosome - Functional mock problem: org.evosuite.ga.ConstructionFailedException: Error: VariableReference: Statement 17, type java.util.Map<java.util.AbstractMap<java.util.Locale, java.util.Locale>.SimpleEntry<java.lang.Boolean, java.lang.String>, org.apache.commons.collections4.multiset.AbstractMapMultiSet<java.lang.Integer>.MultiSetEntry<java.lang.Object>>.Entry<java.lang.Object, org.apache.commons.collections4.multiset.AbstractMapMultiSet<java.lang.String>.MutableInteger> is not assignable to java.util.Map.Entry<java.lang.Object, org.apache.commons.collections4.multiset.AbstractMapMultiSet$MutableInteger>
[MASTER] 11:11:19.844 [pool-2-thread-1] WARN  TestChromosome - Functional mock problem: org.evosuite.ga.ConstructionFailedException: Failed to add constructor for java.util.AbstractMap$SimpleEntry due to org.evosuite.ga.ConstructionFailedException: Have no generator for org.apache.commons.collections4.multiset.AbstractMapMultiSet<org.apache.commons.collections4.multiset.PredicatedMultiSet<org.apache.commons.collections4.multiset.AbstractMapMultiSet<java.lang.String>.MutableInteger>>.MutableInteger canUseFunctionalMocks=true, canBeMocked: false
* Search finished after 118s and 6 generations, 5905 statements, best individual has fitness: 190.08796296296296
* Writing sequences to pool
* Minimizing test suite
* Going to analyze the coverage criteria
* Coverage analysis for criterion LINE
* Coverage of criterion LINE: 85%
* Total number of goals: 175
* Number of covered goals: 149
* Coverage analysis for criterion BRANCH
* Coverage of criterion BRANCH: 79%
* Total number of goals: 95
* Number of covered goals: 75
* Coverage analysis for criterion EXCEPTION
* Coverage of criterion EXCEPTION: 86%
* Total number of goals: 7
* Number of covered goals: 6
* Coverage analysis for criterion WEAKMUTATION
* Coverage of criterion WEAKMUTATION: 73%
* Total number of goals: 388
* Number of covered goals: 284
* Coverage analysis for criterion OUTPUT
* Coverage of criterion OUTPUT: 64%
* Total number of goals: 39
* Number of covered goals: 25
* Coverage analysis for criterion METHOD
* Coverage of criterion METHOD: 82%
* Total number of goals: 34
* Number of covered goals: 28
* Coverage analysis for criterion METHODNOEXCEPTION
* Coverage of criterion METHODNOEXCEPTION: 79%
* Total number of goals: 34
* Number of covered goals: 27
* Coverage analysis for criterion CBRANCH
* Coverage of criterion CBRANCH: 76%
* Total number of goals: 95
* Number of covered goals: 72
* Generated 46 tests with total length 163
* Resulting test suite's coverage: 80% (average coverage for all fitness functions)
* Generating assertions
* Resulting test suite's mutation score: 43%
* Compiling and checking tests
* Permissions denied during test execution: 
  - java.lang.RuntimePermission: 
         writeFileDescriptor: 1
* Writing JUnit test case 'AbstractMapMultiSet_ESTest' to D:\myProjects\courseProgram\commons-collections4-4.3-src\.evosuite\tmp_2019_04_27_10_09_58\tests
* Done!

