* Starting client
* Connecting to master process on port 10403
* Analyzing classpath: 
  - D:\myProjects\courseProgram\commons-collections4-4.3-src\target\test-classes
  - D:\myProjects\courseProgram\commons-collections4-4.3-src\target\classes
  - D:\maven\LocalWare\org\easymock\easymock\4.0.2\easymock-4.0.2.jar
  - D:\maven\LocalWare\org\apache\commons\commons-lang3\3.8.1\commons-lang3-3.8.1.jar
  - D:\maven\LocalWare\org\hamcrest\hamcrest-core\1.3\hamcrest-core-1.3.jar
  - D:\maven\LocalWare\org\objenesis\objenesis\3.0.1\objenesis-3.0.1.jar
  - D:\maven\LocalWare\junit\junit\4.12\junit-4.12.jar
* Finished analyzing classpath
* Generating tests for class org.apache.commons.collections4.map.MultiKeyMap
* Test criteria:
  - Line Coverage
  - Branch Coverage
  - Exception
  - Mutation testing (weak)
  - Method-Output Coverage
  - Top-Level Method Coverage
  - No-Exception Top-Level Method Coverage
  - Context Branch Coverage
* Setting up search algorithm for whole suite generation
[MASTER] 10:10:17.495 [pool-2-thread-1] WARN  TestSuiteSerialization - Cannot load tests because file does not exist: D:\myProjects\courseProgram\commons-collections4-4.3-src\.evosuite\evosuite-seeds\org.apache.commons.collections4.map.MultiKeyMap.seed
* Loaded 0 tests from D:\myProjects\courseProgram\commons-collections4-4.3-src\.evosuite\evosuite-seeds\org.apache.commons.collections4.map.MultiKeyMap.seed
* Total number of test goals: 
  - Line 311
  - Branch 308
  - Exception 0
  - MutationFactory 921
  - Output 83
  - Method 37
  - MethodNoException 37
  - CBranchFitnessFactory 308
* Using seed 1556331010691
* Starting evolution
[MASTER] 10:11:03.701 [pool-2-thread-1] WARN  TestChromosome - Functional mock problem: org.evosuite.ga.ConstructionFailedException: Failed to add constructor for org.apache.commons.collections4.keyvalue.MultiKey due to org.evosuite.ga.ConstructionFailedException: Failed to add constructor for org.apache.commons.collections4.map.MultiKeyMap due to org.evosuite.ga.ConstructionFailedException: Error: VariableReference: Statement 17, type org.apache.commons.collections4.map.AbstractHashedMap<org.apache.commons.collections4.keyvalue.MultiKey<org.apache.commons.collections4.map.MultiKeyMap<java.lang.Object, java.lang.String>>, org.apache.commons.collections4.map.AbstractHashedMap<java.lang.Object, java.lang.Integer>> is not assignable to org.apache.commons.collections4.map.AbstractHashedMap<org.apache.commons.collections4.keyvalue.MultiKey<? extends org.apache.commons.collections4.map.MultiKeyMap<java.lang.Object, java.lang.String>>, org.apache.commons.collections4.map.AbstractHashedMap<java.lang.Object, java.lang.Integer>>
[MASTER] 10:13:10.071 [pool-2-thread-1] WARN  TestChromosome - Functional mock problem: org.evosuite.ga.ConstructionFailedException: Failed to add constructor for org.apache.commons.collections4.keyvalue.MultiKey due to org.evosuite.ga.ConstructionFailedException: Failed to add constructor for org.apache.commons.collections4.map.MultiKeyMap due to org.evosuite.ga.ConstructionFailedException: Error: VariableReference: Statement 12, type org.apache.commons.collections4.map.AbstractHashedMap<org.apache.commons.collections4.keyvalue.MultiKey<java.lang.Integer>, org.apache.commons.collections4.map.MultiKeyMap<java.lang.Object, java.lang.String>> is not assignable to org.apache.commons.collections4.map.AbstractHashedMap<org.apache.commons.collections4.keyvalue.MultiKey<? extends java.lang.Integer>, org.apache.commons.collections4.map.MultiKeyMap<java.lang.Object, java.lang.String>>
* Search finished after 648s and 292 generations, 230594 statements, best individual has fitness: 938.5278878718136
* Writing sequences to pool
* Minimizing test suite
* Going to analyze the coverage criteria
* Coverage analysis for criterion LINE
* Coverage of criterion LINE: 81%
* Total number of goals: 311
* Number of covered goals: 251
* Coverage analysis for criterion BRANCH
* Coverage of criterion BRANCH: 58%
* Total number of goals: 308
* Number of covered goals: 179
* Coverage analysis for criterion EXCEPTION
* Coverage of criterion EXCEPTION: 100%
* Total number of goals: 21
* Number of covered goals: 21
* Coverage analysis for criterion WEAKMUTATION
* Coverage of criterion WEAKMUTATION: 79%
* Total number of goals: 921
* Number of covered goals: 724
* Coverage analysis for criterion OUTPUT
* Coverage of criterion OUTPUT: 52%
* Total number of goals: 83
* Number of covered goals: 43
* Coverage analysis for criterion METHOD
* Coverage of criterion METHOD: 86%
* Total number of goals: 37
* Number of covered goals: 32
* Coverage analysis for criterion METHODNOEXCEPTION
* Coverage of criterion METHODNOEXCEPTION: 86%
* Total number of goals: 37
* Number of covered goals: 32
* Coverage analysis for criterion CBRANCH
* Coverage of criterion CBRANCH: 58%
* Total number of goals: 308
* Number of covered goals: 178
* Generated 85 tests with total length 443
* Resulting test suite's coverage: 76% (average coverage for all fitness functions)
* Generating assertions
* Resulting test suite's mutation score: 28%
* Compiling and checking tests
* Writing JUnit test case 'MultiKeyMap_ESTest' to D:\myProjects\courseProgram\commons-collections4-4.3-src\.evosuite\tmp_2019_04_27_10_09_58\tests
* Done!

